c:\projects\c++\olcnes\x64\release\vc142.pdb
c:\projects\c++\olcnes\x64\release\ppu.nativecodeanalysis.xml
c:\projects\c++\olcnes\x64\release\mapper_000.nativecodeanalysis.xml
c:\projects\c++\olcnes\x64\release\mapper.nativecodeanalysis.xml
c:\projects\c++\olcnes\x64\release\entry.nativecodeanalysis.xml
c:\projects\c++\olcnes\x64\release\cpu.nativecodeanalysis.xml
c:\projects\c++\olcnes\x64\release\cartridge.nativecodeanalysis.xml
c:\projects\c++\olcnes\x64\release\bus.nativecodeanalysis.xml
c:\projects\c++\olcnes\x64\release\bus.obj
c:\projects\c++\olcnes\x64\release\cartridge.obj
c:\projects\c++\olcnes\x64\release\cpu.obj
c:\projects\c++\olcnes\x64\release\entry.obj
c:\projects\c++\olcnes\x64\release\mapper.obj
c:\projects\c++\olcnes\x64\release\mapper_000.obj
c:\projects\c++\olcnes\x64\release\ppu.obj
c:\projects\c++\olcnes\x64\release\olcnes.exe
c:\projects\c++\olcnes\x64\release\olcnes.pdb
c:\projects\c++\olcnes\x64\release\olcnes.ipdb
c:\projects\c++\olcnes\x64\release\olcnes.iobj
c:\projects\c++\olcnes\x64\release\olcnes.tlog\cl.command.1.tlog
c:\projects\c++\olcnes\x64\release\olcnes.tlog\cl.read.1.tlog
c:\projects\c++\olcnes\x64\release\olcnes.tlog\cl.write.1.tlog
c:\projects\c++\olcnes\x64\release\olcnes.tlog\link.command.1.tlog
c:\projects\c++\olcnes\x64\release\olcnes.tlog\link.read.1.tlog
c:\projects\c++\olcnes\x64\release\olcnes.tlog\link.write.1.tlog
c:\projects\c++\olcnes\x64\release\olcnes.tlog\olcnes.write.1u.tlog
